Determining if the pthread_create exist failed with the following output:
Change Dir: /home/eugene/slam/part4/build/CMakeFiles/CMakeTmp

Run Build Command:"/usr/bin/make" "cmTC_f7cab/fast"
/usr/bin/make -f CMakeFiles/cmTC_f7cab.dir/build.make CMakeFiles/cmTC_f7cab.dir/build
make[1]: Entering directory '/home/eugene/slam/part4/build/CMakeFiles/CMakeTmp'
Building C object CMakeFiles/cmTC_f7cab.dir/CheckSymbolExists.c.o
/usr/bin/cc     -o CMakeFiles/cmTC_f7cab.dir/CheckSymbolExists.c.o   -c /home/eugene/slam/part4/build/CMakeFiles/CMakeTmp/CheckSymbolExists.c
Linking C executable cmTC_f7cab
/usr/bin/cmake -E cmake_link_script CMakeFiles/cmTC_f7cab.dir/link.txt --verbose=1
/usr/bin/cc       CMakeFiles/cmTC_f7cab.dir/CheckSymbolExists.c.o  -o cmTC_f7cab -rdynamic 
CMakeFiles/cmTC_f7cab.dir/CheckSymbolExists.c.o: In function `main':
CheckSymbolExists.c:(.text+0x16): undefined reference to `pthread_create'
collect2: error: ld returned 1 exit status
CMakeFiles/cmTC_f7cab.dir/build.make:97: recipe for target 'cmTC_f7cab' failed
make[1]: *** [cmTC_f7cab] Error 1
make[1]: Leaving directory '/home/eugene/slam/part4/build/CMakeFiles/CMakeTmp'
Makefile:126: recipe for target 'cmTC_f7cab/fast' failed
make: *** [cmTC_f7cab/fast] Error 2

File /home/eugene/slam/part4/build/CMakeFiles/CMakeTmp/CheckSymbolExists.c:
/* */
#include <pthread.h>

int main(int argc, char** argv)
{
  (void)argv;
#ifndef pthread_create
  return ((int*)(&pthread_create))[argc];
#else
  (void)argc;
  return 0;
#endif
}

Determining if the function pthread_create exists in the pthreads failed with the following output:
Change Dir: /home/eugene/slam/part4/build/CMakeFiles/CMakeTmp

Run Build Command:"/usr/bin/make" "cmTC_62a0e/fast"
/usr/bin/make -f CMakeFiles/cmTC_62a0e.dir/build.make CMakeFiles/cmTC_62a0e.dir/build
make[1]: Entering directory '/home/eugene/slam/part4/build/CMakeFiles/CMakeTmp'
Building C object CMakeFiles/cmTC_62a0e.dir/CheckFunctionExists.c.o
/usr/bin/cc    -DCHECK_FUNCTION_EXISTS=pthread_create   -o CMakeFiles/cmTC_62a0e.dir/CheckFunctionExists.c.o   -c /usr/share/cmake-3.5/Modules/CheckFunctionExists.c
Linking C executable cmTC_62a0e
/usr/bin/cmake -E cmake_link_script CMakeFiles/cmTC_62a0e.dir/link.txt --verbose=1
/usr/bin/cc   -DCHECK_FUNCTION_EXISTS=pthread_create    CMakeFiles/cmTC_62a0e.dir/CheckFunctionExists.c.o  -o cmTC_62a0e -rdynamic -lpthreads 
/usr/bin/ld: cannot find -lpthreads
collect2: error: ld returned 1 exit status
CMakeFiles/cmTC_62a0e.dir/build.make:97: recipe for target 'cmTC_62a0e' failed
make[1]: *** [cmTC_62a0e] Error 1
make[1]: Leaving directory '/home/eugene/slam/part4/build/CMakeFiles/CMakeTmp'
Makefile:126: recipe for target 'cmTC_62a0e/fast' failed
make: *** [cmTC_62a0e/fast] Error 2


